[18-Mar-2024 05:14:53 UTC] PHP Fatal error:  Uncaught Error: Call to a member function execute() on bool in /home/u747325399/domains/liquag.com/public_html/dev/fairlife/fund/assetshist.php:36
Stack trace:
#0 {main}
  thrown in /home/u747325399/domains/liquag.com/public_html/dev/fairlife/fund/assetshist.php on line 36
[12-Apr-2024 11:48:08 UTC] PHP Warning:  Trying to access array offset on value of type null in /home/u747325399/domains/liquag.com/public_html/dev/fairlife/fund/assetshist.php on line 73
[12-Apr-2024 11:48:12 UTC] PHP Warning:  Trying to access array offset on value of type null in /home/u747325399/domains/liquag.com/public_html/dev/fairlife/fund/assetshist.php on line 73
[03-Jul-2024 07:40:33 UTC] PHP Deprecated:  number_format(): Passing null to parameter #1 ($num) of type float is deprecated in /home/u747325399/domains/liquag.com/public_html/dev/fairlife/fund/assetshist.php on line 40
[04-Jul-2024 17:46:26 UTC] PHP Deprecated:  number_format(): Passing null to parameter #1 ($num) of type float is deprecated in /home/u747325399/domains/liquag.com/public_html/dev/fairlife/fund/assetshist.php on line 40
[09-Jul-2024 13:59:26 UTC] PHP Deprecated:  number_format(): Passing null to parameter #1 ($num) of type float is deprecated in /home/u747325399/domains/liquag.com/public_html/dev/fairlife/fund/assetshist.php on line 40
[09-Jul-2024 14:00:02 UTC] PHP Deprecated:  number_format(): Passing null to parameter #1 ($num) of type float is deprecated in /home/u747325399/domains/liquag.com/public_html/dev/fairlife/fund/assetshist.php on line 40
[01-Aug-2024 08:39:56 UTC] PHP Deprecated:  number_format(): Passing null to parameter #1 ($num) of type float is deprecated in /home/u747325399/domains/liquag.com/public_html/dev/fairlife/fund/assetshist.php on line 40
[05-Aug-2024 08:49:50 UTC] PHP Deprecated:  number_format(): Passing null to parameter #1 ($num) of type float is deprecated in /home/u747325399/domains/liquag.com/public_html/dev/fairlife/fund/assetshist.php on line 40
[26-Aug-2024 14:01:11 UTC] PHP Deprecated:  number_format(): Passing null to parameter #1 ($num) of type float is deprecated in /home/u747325399/domains/liquag.com/public_html/dev/fairlife/fund/assetshist.php on line 40
[26-Aug-2024 14:01:59 UTC] PHP Deprecated:  number_format(): Passing null to parameter #1 ($num) of type float is deprecated in /home/u747325399/domains/liquag.com/public_html/dev/fairlife/fund/assetshist.php on line 40
[26-Aug-2024 14:03:14 UTC] PHP Deprecated:  number_format(): Passing null to parameter #1 ($num) of type float is deprecated in /home/u747325399/domains/liquag.com/public_html/dev/fairlife/fund/assetshist.php on line 40
[03-Oct-2024 12:10:02 UTC] PHP Deprecated:  number_format(): Passing null to parameter #1 ($num) of type float is deprecated in /home/u747325399/domains/liquag.com/public_html/dev/fairlife/fund/assetshist.php on line 40
[04-Oct-2024 14:13:29 UTC] PHP Deprecated:  number_format(): Passing null to parameter #1 ($num) of type float is deprecated in /home/u747325399/domains/liquag.com/public_html/dev/fairlife/fund/assetshist.php on line 40
[04-Oct-2024 14:13:48 UTC] PHP Deprecated:  number_format(): Passing null to parameter #1 ($num) of type float is deprecated in /home/u747325399/domains/liquag.com/public_html/dev/fairlife/fund/assetshist.php on line 40
[11-Oct-2024 12:52:19 UTC] PHP Deprecated:  number_format(): Passing null to parameter #1 ($num) of type float is deprecated in /home/u747325399/domains/liquag.com/public_html/dev/fairlife/fund/assetshist.php on line 40
[01-Dec-2024 12:00:12 UTC] PHP Deprecated:  number_format(): Passing null to parameter #1 ($num) of type float is deprecated in /home/u747325399/domains/liquag.com/public_html/dev/fairlife/fund/assetshist.php on line 40
[02-Dec-2024 13:52:05 UTC] PHP Deprecated:  number_format(): Passing null to parameter #1 ($num) of type float is deprecated in /home/u747325399/domains/liquag.com/public_html/dev/fairlife/fund/assetshist.php on line 40
[05-Mar-2025 12:02:21 UTC] PHP Deprecated:  number_format(): Passing null to parameter #1 ($num) of type float is deprecated in /home/u747325399/domains/liquag.com/public_html/dev/fairlife/fund/assetshist.php on line 40
[05-Mar-2025 12:02:52 UTC] PHP Deprecated:  number_format(): Passing null to parameter #1 ($num) of type float is deprecated in /home/u747325399/domains/liquag.com/public_html/dev/fairlife/fund/assetshist.php on line 40
[05-Mar-2025 12:03:17 UTC] PHP Deprecated:  number_format(): Passing null to parameter #1 ($num) of type float is deprecated in /home/u747325399/domains/liquag.com/public_html/dev/fairlife/fund/assetshist.php on line 40
